<?xml version="1.0" encoding="UTF-8"?>
<!-- Generated by org.testng.reporters.JUnitXMLReporter -->
<testsuite ignored="0" hostname="Ray-Tracer" failures="1" tests="2" name="Test" time="3.586" errors="0" timestamp="2022-08-03T12:07:59 EDT">
  <testcase classname="selenium.adv.test.Login" name="f" time="0.385"/>
  <testcase classname="selenium.adv.test.Login" name="test3" time="0.002">
    <failure type="java.lang.AssertionError" message="expected [true] but found [false]">
      <![CDATA[java.lang.AssertionError: expected [true] but found [false]
at selenium.adv.test.Login.test3(Login.java:49)
at java.base/java.util.ArrayList.forEach(ArrayList.java:1507)
... Removed 31 stack frames]]>
    </failure>
  </testcase> <!-- test3 -->
</testsuite> <!-- Test -->
